<?xml version="1.0" encoding="UTF-8"?>
<!-- Generated by org.testng.reporters.JUnitReportReporter -->
<testsuite hostname="MISHRA" failures="0" tests="1" name="practice.ReadDataFromCmdLineTest" time="0.016" errors="0" timestamp="2023-06-29T13:25:12 IST" skipped="0">
  <testcase classname="practice.ReadDataFromCmdLineTest" name="readDataFromCmdLine" time="0.016"/>
  <system-out/>
</testsuite> <!-- practice.ReadDataFromCmdLineTest -->
