<?xml version="1.0" encoding="UTF-8"?>
<!-- Generated by org.testng.reporters.JUnitReportReporter -->
<testsuite hostname="MISHRA" failures="0" tests="1" name="transsoft_Restaurant.CreateRestaurantTest" time="10.555" errors="0" timestamp="2023-07-10T12:49:31 IST" skipped="0">
  <testcase classname="transsoft_Restaurant.CreateRestaurantTest" name="createRestaurant" time="10.555"/>
  <system-out>
    <![CDATA[×
New Category Added Successfully. category created successfully
×
New Restaurant Added Successfully. Restaurant created successfully
Newly added restaurant displayed in user module as Chai xpress]]>
  </system-out>
</testsuite> <!-- transsoft_Restaurant.CreateRestaurantTest -->
