<?xml version="1.0" encoding="UTF-8"?>
<!-- Generated by org.testng.reporters.JUnitReportReporter -->
<testsuite hostname="MISHRA" failures="0" tests="1" name="transsoft_UsermoduleRestaurant.CreaterestaurantPlacedOrderTest" time="11.376" errors="0" timestamp="2023-07-10T13:24:27 IST" skipped="0">
  <testcase classname="transsoft_UsermoduleRestaurant.CreaterestaurantPlacedOrderTest" name="createrestaurantPlacedOrder" time="11.376"/>
  <system-out>
    <![CDATA[order has been placed under all order section dante003
newly added dishes count will be= 122
Total Orders]]>
  </system-out>
</testsuite> <!-- transsoft_UsermoduleRestaurant.CreaterestaurantPlacedOrderTest -->
