<?xml version="1.0" encoding="UTF-8"?>
<!-- Generated by org.testng.reporters.JUnitReportReporter -->
<testsuite hostname="MISHRA" failures="0" tests="1" name="practice.selectQueryfromDB" time="0.222" errors="0" timestamp="2023-07-04T11:04:15 IST" skipped="0">
  <testcase classname="practice.selectQueryfromDB" name="fetchDataFromDB" time="0.222"/>
  <system-out/>
</testsuite> <!-- practice.selectQueryfromDB -->
