<?xml version="1.0" encoding="UTF-8"?>
<!-- Generated by org.testng.reporters.JUnitReportReporter -->
<testsuite hostname="MISHRA" failures="0" tests="1" name="practice.JDBC" time="0.226" errors="0" timestamp="2023-06-29T18:10:57 IST" skipped="0">
  <testcase classname="practice.JDBC" name="jdbcconn" time="0.226"/>
  <system-out/>
</testsuite> <!-- practice.JDBC -->
