<?xml version="1.0" encoding="UTF-8"?>
<!-- Generated by org.testng.reporters.JUnitReportReporter -->
<testsuite hostname="MISHRA" failures="0" tests="1" name="practice.ExcelPractice" time="0.011" errors="0" timestamp="2023-07-02T11:16:10 IST" skipped="0">
  <testcase classname="practice.ExcelPractice" name="excel" time="0.011"/>
  <system-out/>
</testsuite> <!-- practice.ExcelPractice -->
