<?xml version="1.0" encoding="UTF-8"?>
<!-- Generated by org.testng.reporters.JUnitReportReporter -->
<testsuite hostname="MISHRA" failures="0" tests="1" name="practice.InsertdataToDB" time="0.269" errors="0" timestamp="2023-07-04T10:46:15 IST" skipped="0">
  <testcase classname="practice.InsertdataToDB" name="insertdataToDB" time="0.269"/>
  <system-out/>
</testsuite> <!-- practice.InsertdataToDB -->
