<?xml version="1.0" encoding="UTF-8"?>
<!-- Generated by org.testng.reporters.JUnitReportReporter -->
<testsuite hostname="MISHRA" failures="0" tests="1" name="practice.verifiedProjectCreated" time="0.212" errors="0" timestamp="2023-06-30T09:29:07 IST" skipped="0">
  <testcase classname="practice.verifiedProjectCreated" name="projectvalidation" time="0.212"/>
  <system-out/>
</testsuite> <!-- practice.verifiedProjectCreated -->
