<?xml version="1.0" encoding="UTF-8"?>
<!-- Generated by org.testng.reporters.JUnitReportReporter -->
<testsuite hostname="MISHRA" failures="0" tests="6" name="practice.PracticeDataProvider" time="23.858" errors="0" timestamp="2023-07-06T17:32:59 IST" skipped="0">
  <testcase classname="practice.PracticeDataProvider" name="categoryCreation" time="4.047"/>
  <system-out/>
  <testcase classname="practice.PracticeDataProvider" name="categoryCreation" time="4.097"/>
  <system-out/>
  <testcase classname="practice.PracticeDataProvider" name="categoryCreation" time="4.524"/>
  <system-out/>
  <testcase classname="practice.PracticeDataProvider" name="categoryCreation" time="3.576"/>
  <system-out/>
  <testcase classname="practice.PracticeDataProvider" name="categoryCreation" time="3.946"/>
  <system-out/>
  <testcase classname="practice.PracticeDataProvider" name="categoryCreation" time="3.668"/>
  <system-out/>
</testsuite> <!-- practice.PracticeDataProvider -->
