<?xml version="1.0" encoding="UTF-8"?>
<!-- Generated by org.testng.reporters.JUnitReportReporter -->
<testsuite hostname="MISHRA" failures="0" tests="2" name="practice.Practice1" time="4.554" errors="0" timestamp="2023-07-06T10:48:49 IST" skipped="0">
  <testcase classname="practice.Practice1" name="logincred" time="2.988"/>
  <system-out/>
  <testcase classname="practice.Practice1" name="logincred" time="1.566"/>
  <system-out/>
</testsuite> <!-- practice.Practice1 -->
