<?xml version="1.0" encoding="UTF-8"?>
<!-- Generated by org.testng.reporters.JUnitReportReporter -->
<testsuite hostname="MISHRA" failures="0" tests="1" name="practice.updatetheDb" time="0.202" errors="0" timestamp="2023-06-30T09:53:07 IST" skipped="0">
  <testcase classname="practice.updatetheDb" name="updaterecord" time="0.202"/>
  <system-out/>
</testsuite> <!-- practice.updatetheDb -->
