<?xml version="1.0" encoding="UTF-8"?>
<!-- Generated by org.testng.reporters.JUnitReportReporter -->
<testsuite hostname="MISHRA" failures="0" tests="1" name="practice.ReadDataFromCmdLineTest" time="0.763" errors="0" timestamp="2023-07-04T15:00:35 IST" skipped="0">
  <testcase classname="practice.ReadDataFromCmdLineTest" name="practice" time="0.763"/>
  <system-out/>
</testsuite> <!-- practice.ReadDataFromCmdLineTest -->
